[2026-04-11 16:16:26] ERROR: PostgreSQL connection failed:
[2026-04-11 16:16:32] ERROR: PostgreSQL connection failed:
[2026-04-11 17:25:37] ERROR: PostgreSQL connection failed:
[2026-04-11 17:53:31] ERROR: PostgreSQL connection failed:
[2026-04-11 17:54:16] ERROR: PostgreSQL connection failed:
[2026-04-11 17:56:16] ERROR: PostgreSQL connection failed:
[2026-04-13 16:28:21] ERROR: Failed to start server: sequelize.sync is not a function
[2026-04-13 16:49:52] ERROR: Failed to start server: cannot cast type vendor_status_enum to enum_vendors_vendor_status
[2026-04-13 16:50:05] ERROR: Failed to start server: cannot cast type vendor_status_enum to enum_vendors_vendor_status
[2026-04-13 17:05:11] ERROR: Failed to start server: cannot cast type vendor_status_enum to enum_vendors_vendor_status
[2026-04-13 17:05:25] ERROR: Failed to start server: cannot cast type vendor_status_enum to enum_vendors_vendor_status
[2026-04-16 11:24:27] ERROR: column "customer_adhaar_no" does not exist — POST /api/auth/register
[2026-04-16 11:48:48] ERROR: column "customer_adhaar_no" of relation "customers" does not exist — POST /api/auth/register
[2026-04-16 11:54:54] ERROR: column "customer_adhaar_no" of relation "customers" does not exist — POST /api/auth/register
[2026-04-18 18:41:00] ERROR: Failed to start server: cannot cast type vendor_status_enum to enum_vendors_vendor_status
[2026-04-18 18:51:58] ERROR: Failed to start server: cannot cast type vendor_status_enum to enum_vendors_vendor_status
[2026-04-18 18:52:04] ERROR: Failed to start server: cannot cast type vendor_status_enum to enum_vendors_vendor_status
[2026-04-18 18:53:31] ERROR: Failed to start server: cannot cast type vendor_status_enum to enum_vendors_vendor_status
[2026-04-18 18:59:08] ERROR: Failed to start server: there is no unique constraint matching given keys for referenced table "treda_officers"
[2026-04-20 13:08:26] ERROR: Failed to start server: cannot drop column id of table customers because other objects depend on it
[2026-04-25 20:08:47] ERROR: Failed to start server: connectMongo is not a function
